
> zoom-clone@1.0.0 start /home/runner/zoom-clone
> node server.js

Client {
  socket: WebSocket {
    _events: [Object: null prototype] { close: [Array], message: [Function] },
    _eventsCount: 2,
    _maxListeners: undefined,
    readyState: 1,
    protocol: '',
    _binaryType: 'nodebuffer',
    _closeFrameReceived: false,
    _closeFrameSent: false,
    _closeMessage: '',
    _closeTimer: null,
    _closeCode: 1006,
    _extensions: {},
    _receiver: Receiver {
      _writableState: [WritableState],
      writable: true,
      _events: [Object: null prototype],
      _eventsCount: 6,
      _maxListeners: undefined,
      _binaryType: 'nodebuffer',
      _extensions: {},
      _isServer: true,
      _maxPayload: 104857600,
      _bufferedBytes: 0,
      _buffers: [],
      _compressed: false,
      _payloadLength: 0,
      _mask: undefined,
      _fragmented: 0,
      _masked: false,
      _fin: false,
      _opcode: 0,
      _totalPayloadLength: 0,
      _messageLength: 0,
      _fragments: [],
      _state: 0,
      _loop: false,
      [Symbol(kCapture)]: false,
      [Symbol(websocket)]: [Circular]
    },
    _sender: Sender {
      _extensions: {},
      _socket: [Socket],
      _firstFragment: true,
      _compress: false,
      _bufferedBytes: 0,
      _deflating: false,
      _queue: []
    },
    _socket: Socket {
      connecting: false,
      _hadError: false,
      _parent: null,
      _host: null,
      _readableState: [ReadableState],
      readable: true,
      _events: [Object: null prototype],
      _eventsCount: 5,
      _maxListeners: undefined,
      _writableState: [WritableState],
      writable: true,
      allowHalfOpen: true,
      _sockname: null,
      _pendingData: null,
      _pendingEncoding: '',
      server: [Server],
      _server: [Server],
      timeout: 0,
      parser: null,
      on: [Function],
      addListener: [Function],
      prependListener: [Function: prependListener],
      _paused: false,
      [Symbol(asyncId)]: 620,
      [Symbol(kHandle)]: [TCP],
      [Symbol(kSetNoDelay)]: true,
      [Symbol(lastWriteQueueSize)]: 0,
      [Symbol(timeout)]: Timeout {
        _idleTimeout: -1,
        _idlePrev: null,
        _idleNext: null,
        _idleStart: 108098,
        _onTimeout: null,
        _timerArgs: undefined,
        _repeat: null,
        _destroyed: true,
        [Symbol(refed)]: false,
        [Symbol(asyncId)]: 621,
        [Symbol(triggerId)]: 620
      },
      [Symbol(kBuffer)]: null,
      [Symbol(kBufferCb)]: null,
      [Symbol(kBufferGen)]: null,
      [Symbol(kCapture)]: false,
      [Symbol(kBytesRead)]: 0,
      [Symbol(kBytesWritten)]: 0,
      [Symbol(websocket)]: [Circular]
    },
    _isServer: true,
    [Symbol(kCapture)]: false
  },
  lastPing: 1597867256369,
  id: '031458e2-60d7-4775-9ed6-1c1d1d395329',
  token: '0hre287csu8'
}
undefined
0ca9c2b7-0f8e-410c-b4cd-66c4b6c62081 031458e2-60d7-4775-9ed6-1c1d1d395329
Client {
  socket: WebSocket {
    _events: [Object: null prototype] { close: [Array], message: [Function] },
    _eventsCount: 2,
    _maxListeners: undefined,
    readyState: 1,
    protocol: '',
    _binaryType: 'nodebuffer',
    _closeFrameReceived: false,
    _closeFrameSent: false,
    _closeMessage: '',
    _closeTimer: null,
    _closeCode: 1006,
    _extensions: {},
    _receiver: Receiver {
      _writableState: [WritableState],
      writable: true,
      _events: [Object: null prototype],
      _eventsCount: 6,
      _maxListeners: undefined,
      _binaryType: 'nodebuffer',
      _extensions: {},
      _isServer: true,
      _maxPayload: 104857600,
      _bufferedBytes: 0,
      _buffers: [],
      _compressed: false,
      _payloadLength: 0,
      _mask: undefined,
      _fragmented: 0,
      _masked: false,
      _fin: false,
      _opcode: 0,
      _totalPayloadLength: 0,
      _messageLength: 0,
      _fragments: [],
      _state: 0,
      _loop: false,
      [Symbol(kCapture)]: false,
      [Symbol(websocket)]: [Circular]
    },
    _sender: Sender {
      _extensions: {},
      _socket: [Socket],
      _firstFragment: true,
      _compress: false,
      _bufferedBytes: 0,
      _deflating: false,
      _queue: []
    },
    _socket: Socket {
      connecting: false,
      _hadError: false,
      _parent: null,
      _host: null,
      _readableState: [ReadableState],
      readable: true,
      _events: [Object: null prototype],
      _eventsCount: 5,
      _maxListeners: undefined,
      _writableState: [WritableState],
      writable: true,
      allowHalfOpen: true,
      _sockname: null,
      _pendingData: null,
      _pendingEncoding: '',
      server: [Server],
      _server: [Server],
      timeout: 0,
      parser: null,
      on: [Function],
      addListener: [Function],
      prependListener: [Function: prependListener],
      _paused: false,
      [Symbol(asyncId)]: 955,
      [Symbol(kHandle)]: [TCP],
      [Symbol(kSetNoDelay)]: true,
      [Symbol(lastWriteQueueSize)]: 0,
      [Symbol(timeout)]: Timeout {
        _idleTimeout: -1,
        _idlePrev: null,
        _idleNext: null,
        _idleStart: 147574,
        _onTimeout: null,
        _timerArgs: undefined,
        _repeat: null,
        _destroyed: true,
        [Symbol(refed)]: false,
        [Symbol(asyncId)]: 956,
        [Symbol(triggerId)]: 955
      },
      [Symbol(kBuffer)]: null,
      [Symbol(kBufferCb)]: null,
      [Symbol(kBufferGen)]: null,
      [Symbol(kCapture)]: false,
      [Symbol(kBytesRead)]: 0,
      [Symbol(kBytesWritten)]: 0,
      [Symbol(websocket)]: [Circular]
    },
    _isServer: true,
    [Symbol(kCapture)]: false
  },
  lastPing: 1597867295844,
  id: '5af462aa-2844-445a-a5ff-c3e357703bf3',
  token: 'ruui1laquno'
}
undefined
0ca9c2b7-0f8e-410c-b4cd-66c4b6c62081 5af462aa-2844-445a-a5ff-c3e357703bf3
Client {
  socket: WebSocket {
    _events: [Object: null prototype] { close: [Array], message: [Function] },
    _eventsCount: 2,
    _maxListeners: undefined,
    readyState: 1,
    protocol: '',
    _binaryType: 'nodebuffer',
    _closeFrameReceived: false,
    _closeFrameSent: false,
    _closeMessage: '',
    _closeTimer: null,
    _closeCode: 1006,
    _extensions: {},
    _receiver: Receiver {
      _writableState: [WritableState],
      writable: true,
      _events: [Object: null prototype],
      _eventsCount: 6,
      _maxListeners: undefined,
      _binaryType: 'nodebuffer',
      _extensions: {},
      _isServer: true,
      _maxPayload: 104857600,
      _bufferedBytes: 0,
      _buffers: [],
      _compressed: false,
      _payloadLength: 0,
      _mask: undefined,
      _fragmented: 0,
      _masked: false,
      _fin: false,
      _opcode: 0,
      _totalPayloadLength: 0,
      _messageLength: 0,
      _fragments: [],
      _state: 0,
      _loop: false,
      [Symbol(kCapture)]: false,
      [Symbol(websocket)]: [Circular]
    },
    _sender: Sender {
      _extensions: {},
      _socket: [Socket],
      _firstFragment: true,
      _compress: false,
      _bufferedBytes: 0,
      _deflating: false,
      _queue: []
    },
    _socket: Socket {
      connecting: false,
      _hadError: false,
      _parent: null,
      _host: null,
      _readableState: [ReadableState],
      readable: true,
      _events: [Object: null prototype],
      _eventsCount: 5,
      _maxListeners: undefined,
      _writableState: [WritableState],
      writable: true,
      allowHalfOpen: true,
      _sockname: null,
      _pendingData: null,
      _pendingEncoding: '',
      server: [Server],
      _server: [Server],
      timeout: 0,
      parser: null,
      on: [Function],
      addListener: [Function],
      prependListener: [Function: prependListener],
      _paused: false,
      [Symbol(asyncId)]: 1251,
      [Symbol(kHandle)]: [TCP],
      [Symbol(kSetNoDelay)]: true,
      [Symbol(lastWriteQueueSize)]: 0,
      [Symbol(timeout)]: Timeout {
        _idleTimeout: -1,
        _idlePrev: null,
        _idleNext: null,
        _idleStart: 177563,
        _onTimeout: null,
        _timerArgs: undefined,
        _repeat: null,
        _destroyed: true,
        [Symbol(refed)]: false,
        [Symbol(asyncId)]: 1252,
        [Symbol(triggerId)]: 1251
      },
      [Symbol(kBuffer)]: null,
      [Symbol(kBufferCb)]: null,
      [Symbol(kBufferGen)]: null,
      [Symbol(kCapture)]: false,
      [Symbol(kBytesRead)]: 0,
      [Symbol(kBytesWritten)]: 0,
      [Symbol(websocket)]: [Circular]
    },
    _isServer: true,
    [Symbol(kCapture)]: false
  },
  lastPing: 1597867325833,
  id: 'c93bbaf5-b15b-42f8-a083-ac82228f5e5b',
  token: 's79hwdp64ml'
}
undefined
0ca9c2b7-0f8e-410c-b4cd-66c4b6c62081 c93bbaf5-b15b-42f8-a083-ac82228f5e5b
Client {
  socket: WebSocket {
    _events: [Object: null prototype] { close: [Array], message: [Function] },
    _eventsCount: 2,
    _maxListeners: undefined,
    readyState: 1,
    protocol: '',
    _binaryType: 'nodebuffer',
    _closeFrameReceived: false,
    _closeFrameSent: false,
    _closeMessage: '',
    _closeTimer: null,
    _closeCode: 1006,
    _extensions: {},
    _receiver: Receiver {
      _writableState: [WritableState],
      writable: true,
      _events: [Object: null prototype],
      _eventsCount: 6,
      _maxListeners: undefined,
      _binaryType: 'nodebuffer',
      _extensions: {},
      _isServer: true,
      _maxPayload: 104857600,
      _bufferedBytes: 0,
      _buffers: [],
      _compressed: false,
      _payloadLength: 0,
      _mask: undefined,
      _fragmented: 0,
      _masked: false,
      _fin: false,
      _opcode: 0,
      _totalPayloadLength: 0,
      _messageLength: 0,
      _fragments: [],
      _state: 0,
      _loop: false,
      [Symbol(kCapture)]: false,
      [Symbol(websocket)]: [Circular]
    },
    _sender: Sender {
      _extensions: {},
      _socket: [Socket],
      _firstFragment: true,
      _compress: false,
      _bufferedBytes: 0,
      _deflating: false,
      _queue: []
    },
    _socket: Socket {
      connecting: false,
      _hadError: false,
      _parent: null,
      _host: null,
      _readableState: [ReadableState],
      readable: true,
      _events: [Object: null prototype],
      _eventsCount: 5,
      _maxListeners: undefined,
      _writableState: [WritableState],
      writable: true,
      allowHalfOpen: true,
      _sockname: null,
      _pendingData: null,
      _pendingEncoding: '',
      server: [Server],
      _server: [Server],
      timeout: 0,
      parser: null,
      on: [Function],
      addListener: [Function],
      prependListener: [Function: prependListener],
      _paused: false,
      [Symbol(asyncId)]: 1436,
      [Symbol(kHandle)]: [TCP],
      [Symbol(kSetNoDelay)]: true,
      [Symbol(lastWriteQueueSize)]: 0,
      [Symbol(timeout)]: Timeout {
        _idleTimeout: -1,
        _idlePrev: null,
        _idleNext: null,
        _idleStart: 189703,
        _onTimeout: null,
        _timerArgs: undefined,
        _repeat: null,
        _destroyed: true,
        [Symbol(refed)]: false,
        [Symbol(asyncId)]: 1437,
        [Symbol(triggerId)]: 1436
      },
      [Symbol(kBuffer)]: null,
      [Symbol(kBufferCb)]: null,
      [Symbol(kBufferGen)]: null,
      [Symbol(kCapture)]: false,
      [Symbol(kBytesRead)]: 0,
      [Symbol(kBytesWritten)]: 0,
      [Symbol(websocket)]: [Circular]
    },
    _isServer: true,
    [Symbol(kCapture)]: false
  },
  lastPing: 1597867337975,
  id: '7969bb69-c794-417c-9920-4ef637b5d0ba',
  token: 'p08mh7cbphp'
}
undefined
0ca9c2b7-0f8e-410c-b4cd-66c4b6c62081 7969bb69-c794-417c-9920-4ef637b5d0ba
Client {
  socket: WebSocket {
    _events: [Object: null prototype] { close: [Array], message: [Function] },
    _eventsCount: 2,
    _maxListeners: undefined,
    readyState: 1,
    protocol: '',
    _binaryType: 'nodebuffer',
    _closeFrameReceived: false,
    _closeFrameSent: false,
    _closeMessage: '',
    _closeTimer: null,
    _closeCode: 1006,
    _extensions: {},
    _receiver: Receiver {
      _writableState: [WritableState],
      writable: true,
      _events: [Object: null prototype],
      _eventsCount: 6,
      _maxListeners: undefined,
      _binaryType: 'nodebuffer',
      _extensions: {},
      _isServer: true,
      _maxPayload: 104857600,
      _bufferedBytes: 0,
      _buffers: [],
      _compressed: false,
      _payloadLength: 0,
      _mask: undefined,
      _fragmented: 0,
      _masked: false,
      _fin: false,
      _opcode: 0,
      _totalPayloadLength: 0,
      _messageLength: 0,
      _fragments: [],
      _state: 0,
      _loop: false,
      [Symbol(kCapture)]: false,
      [Symbol(websocket)]: [Circular]
    },
    _sender: Sender {
      _extensions: {},
      _socket: [Socket],
      _firstFragment: true,
      _compress: false,
      _bufferedBytes: 0,
      _deflating: false,
      _queue: []
    },
    _socket: Socket {
      connecting: false,
      _hadError: false,
      _parent: null,
      _host: null,
      _readableState: [ReadableState],
      readable: true,
      _events: [Object: null prototype],
      _eventsCount: 5,
      _maxListeners: undefined,
      _writableState: [WritableState],
      writable: true,
      allowHalfOpen: true,
      _sockname: null,
      _pendingData: null,
      _pendingEncoding: '',
      server: [Server],
      _server: [Server],
      timeout: 0,
      parser: null,
      on: [Function],
      addListener: [Function],
      prependListener: [Function: prependListener],
      _paused: false,
      [Symbol(asyncId)]: 1753,
      [Symbol(kHandle)]: [TCP],
      [Symbol(kSetNoDelay)]: true,
      [Symbol(lastWriteQueueSize)]: 0,
      [Symbol(timeout)]: Timeout {
        _idleTimeout: -1,
        _idlePrev: null,
        _idleNext: null,
        _idleStart: 226481,
        _onTimeout: null,
        _timerArgs: undefined,
        _repeat: null,
        _destroyed: true,
        [Symbol(refed)]: false,
        [Symbol(asyncId)]: 1754,
        [Symbol(triggerId)]: 1753
      },
      [Symbol(kBuffer)]: null,
      [Symbol(kBufferCb)]: null,
      [Symbol(kBufferGen)]: null,
      [Symbol(kCapture)]: false,
      [Symbol(kBytesRead)]: 0,
      [Symbol(kBytesWritten)]: 0,
      [Symbol(websocket)]: [Circular]
    },
    _isServer: true,
    [Symbol(kCapture)]: false
  },
  lastPing: 1597867374752,
  id: 'bc67c646-1c19-41af-a51e-4d4fcf3f3909',
  token: 't0e7g3omo39'
}
undefined
0ca9c2b7-0f8e-410c-b4cd-66c4b6c62081 bc67c646-1c19-41af-a51e-4d4fcf3f3909
Client {
  socket: WebSocket {
    _events: [Object: null prototype] { close: [Array], message: [Function] },
    _eventsCount: 2,
    _maxListeners: undefined,
    readyState: 1,
    protocol: '',
    _binaryType: 'nodebuffer',
    _closeFrameReceived: false,
    _closeFrameSent: false,
    _closeMessage: '',
    _closeTimer: null,
    _closeCode: 1006,
    _extensions: {},
    _receiver: Receiver {
      _writableState: [WritableState],
      writable: true,
      _events: [Object: null prototype],
      _eventsCount: 6,
      _maxListeners: undefined,
      _binaryType: 'nodebuffer',
      _extensions: {},
      _isServer: true,
      _maxPayload: 104857600,
      _bufferedBytes: 0,
      _buffers: [],
      _compressed: false,
      _payloadLength: 0,
      _mask: undefined,
      _fragmented: 0,
      _masked: false,
      _fin: false,
      _opcode: 0,
      _totalPayloadLength: 0,
      _messageLength: 0,
      _fragments: [],
      _state: 0,
      _loop: false,
      [Symbol(kCapture)]: false,
      [Symbol(websocket)]: [Circular]
    },
    _sender: Sender {
      _extensions: {},
      _socket: [Socket],
      _firstFragment: true,
      _compress: false,
      _bufferedBytes: 0,
      _deflating: false,
      _queue: []
    },
    _socket: Socket {
      connecting: false,
      _hadError: false,
      _parent: null,
      _host: null,
      _readableState: [ReadableState],
      readable: true,
      _events: [Object: null prototype],
      _eventsCount: 5,
      _maxListeners: undefined,
      _writableState: [WritableState],
      writable: true,
      allowHalfOpen: true,
      _sockname: null,
      _pendingData: null,
      _pendingEncoding: '',
      server: [Server],
      _server: [Server],
      timeout: 0,
      parser: null,
      on: [Function],
      addListener: [Function],
      prependListener: [Function: prependListener],
      _paused: false,
      [Symbol(asyncId)]: 2150,
      [Symbol(kHandle)]: [TCP],
      [Symbol(kSetNoDelay)]: true,
      [Symbol(lastWriteQueueSize)]: 0,
      [Symbol(timeout)]: Timeout {
        _idleTimeout: -1,
        _idlePrev: null,
        _idleNext: null,
        _idleStart: 269858,
        _onTimeout: null,
        _timerArgs: undefined,
        _repeat: null,
        _destroyed: true,
        [Symbol(refed)]: false,
        [Symbol(asyncId)]: 2151,
        [Symbol(triggerId)]: 2150
      },
      [Symbol(kBuffer)]: null,
      [Symbol(kBufferCb)]: null,
      [Symbol(kBufferGen)]: null,
      [Symbol(kCapture)]: false,
      [Symbol(kBytesRead)]: 0,
      [Symbol(kBytesWritten)]: 0,
      [Symbol(websocket)]: [Circular]
    },
    _isServer: true,
    [Symbol(kCapture)]: false
  },
  lastPing: 1597867418129,
  id: 'ce884e93-6d45-4a52-9fae-28bac4f5b5c2',
  token: 'y1k15kten5'
}
undefined
4060f3bd-4479-43a8-a6e1-2bb2e6a6f462 ce884e93-6d45-4a52-9fae-28bac4f5b5c2
Client {
  socket: WebSocket {
    _events: [Object: null prototype] { close: [Array], message: [Function] },
    _eventsCount: 2,
    _maxListeners: undefined,
    readyState: 1,
    protocol: '',
    _binaryType: 'nodebuffer',
    _closeFrameReceived: false,
    _closeFrameSent: false,
    _closeMessage: '',
    _closeTimer: null,
    _closeCode: 1006,
    _extensions: {},
    _receiver: Receiver {
      _writableState: [WritableState],
      writable: true,
      _events: [Object: null prototype],
      _eventsCount: 6,
      _maxListeners: undefined,
      _binaryType: 'nodebuffer',
      _extensions: {},
      _isServer: true,
      _maxPayload: 104857600,
      _bufferedBytes: 0,
      _buffers: [],
      _compressed: false,
      _payloadLength: 0,
      _mask: undefined,
      _fragmented: 0,
      _masked: false,
      _fin: false,
      _opcode: 0,
      _totalPayloadLength: 0,
      _messageLength: 0,
      _fragments: [],
      _state: 0,
      _loop: false,
      [Symbol(kCapture)]: false,
      [Symbol(websocket)]: [Circular]
    },
    _sender: Sender {
      _extensions: {},
      _socket: [Socket],
      _firstFragment: true,
      _compress: false,
      _bufferedBytes: 0,
      _deflating: false,
      _queue: []
    },
    _socket: Socket {
      connecting: false,
      _hadError: false,
      _parent: null,
      _host: null,
      _readableState: [ReadableState],
      readable: true,
      _events: [Object: null prototype],
      _eventsCount: 5,
      _maxListeners: undefined,
      _writableState: [WritableState],
      writable: true,
      allowHalfOpen: true,
      _sockname: null,
      _pendingData: null,
      _pendingEncoding: '',
      server: [Server],
      _server: [Server],
      timeout: 0,
      parser: null,
      on: [Function],
      addListener: [Function],
      prependListener: [Function: prependListener],
      _paused: false,
      [Symbol(asyncId)]: 2536,
      [Symbol(kHandle)]: [TCP],
      [Symbol(kSetNoDelay)]: true,
      [Symbol(lastWriteQueueSize)]: 0,
      [Symbol(timeout)]: Timeout {
        _idleTimeout: -1,
        _idlePrev: null,
        _idleNext: null,
        _idleStart: 319184,
        _onTimeout: null,
        _timerArgs: undefined,
        _repeat: null,
        _destroyed: true,
        [Symbol(refed)]: false,
        [Symbol(asyncId)]: 2537,
        [Symbol(triggerId)]: 2536
      },
      [Symbol(kBuffer)]: null,
      [Symbol(kBufferCb)]: null,
      [Symbol(kBufferGen)]: null,
      [Symbol(kCapture)]: false,
      [Symbol(kBytesRead)]: 0,
      [Symbol(kBytesWritten)]: 0,
      [Symbol(websocket)]: [Circular]
    },
    _isServer: true,
    [Symbol(kCapture)]: false
  },
  lastPing: 1597867467454,
  id: '85b6a66c-a56f-4296-969a-2c78f35422e0',
  token: 'boc6pgtrima'
}
undefined
4060f3bd-4479-43a8-a6e1-2bb2e6a6f462 85b6a66c-a56f-4296-969a-2c78f35422e0
Client {
  socket: WebSocket {
    _events: [Object: null prototype] { close: [Array], message: [Function] },
    _eventsCount: 2,
    _maxListeners: undefined,
    readyState: 1,
    protocol: '',
    _binaryType: 'nodebuffer',
    _closeFrameReceived: false,
    _closeFrameSent: false,
    _closeMessage: '',
    _closeTimer: null,
    _closeCode: 1006,
    _extensions: {},
    _receiver: Receiver {
      _writableState: [WritableState],
      writable: true,
      _events: [Object: null prototype],
      _eventsCount: 6,
      _maxListeners: undefined,
      _binaryType: 'nodebuffer',
      _extensions: {},
      _isServer: true,
      _maxPayload: 104857600,
      _bufferedBytes: 0,
      _buffers: [],
      _compressed: false,
      _payloadLength: 0,
      _mask: undefined,
      _fragmented: 0,
      _masked: false,
      _fin: false,
      _opcode: 0,
      _totalPayloadLength: 0,
      _messageLength: 0,
      _fragments: [],
      _state: 0,
      _loop: false,
      [Symbol(kCapture)]: false,
      [Symbol(websocket)]: [Circular]
    },
    _sender: Sender {
      _extensions: {},
      _socket: [Socket],
      _firstFragment: true,
      _compress: false,
      _bufferedBytes: 0,
      _deflating: false,
      _queue: []
    },
    _socket: Socket {
      connecting: false,
      _hadError: false,
      _parent: null,
      _host: null,
      _readableState: [ReadableState],
      readable: true,
      _events: [Object: null prototype],
      _eventsCount: 5,
      _maxListeners: undefined,
      _writableState: [WritableState],
      writable: true,
      allowHalfOpen: true,
      _sockname: null,
      _pendingData: null,
      _pendingEncoding: '',
      server: [Server],
      _server: [Server],
      timeout: 0,
      parser: null,
      on: [Function],
      addListener: [Function],
      prependListener: [Function: prependListener],
      _paused: false,
      [Symbol(asyncId)]: 2788,
      [Symbol(kHandle)]: [TCP],
      [Symbol(kSetNoDelay)]: true,
      [Symbol(lastWriteQueueSize)]: 0,
      [Symbol(timeout)]: Timeout {
        _idleTimeout: -1,
        _idlePrev: null,
        _idleNext: null,
        _idleStart: 337899,
        _onTimeout: null,
        _timerArgs: undefined,
        _repeat: null,
        _destroyed: true,
        [Symbol(refed)]: false,
        [Symbol(asyncId)]: 2789,
        [Symbol(triggerId)]: 2788
      },
      [Symbol(kBuffer)]: null,
      [Symbol(kBufferCb)]: null,
      [Symbol(kBufferGen)]: null,
      [Symbol(kCapture)]: false,
      [Symbol(kBytesRead)]: 0,
      [Symbol(kBytesWritten)]: 0,
      [Symbol(websocket)]: [Circular]
    },
    _isServer: true,
    [Symbol(kCapture)]: false
  },
  lastPing: 1597867486170,
  id: '10b33544-45c0-4fd4-ab4e-bbbbc2a83b0a',
  token: 'l9aflwaclu'
}
undefined
3353e805-a8ba-4629-93fe-2f24eb3a699b 10b33544-45c0-4fd4-ab4e-bbbbc2a83b0a
Client {
  socket: WebSocket {
    _events: [Object: null prototype] { close: [Array], message: [Function] },
    _eventsCount: 2,
    _maxListeners: undefined,
    readyState: 1,
    protocol: '',
    _binaryType: 'nodebuffer',
    _closeFrameReceived: false,
    _closeFrameSent: false,
    _closeMessage: '',
    _closeTimer: null,
    _closeCode: 1006,
    _extensions: {},
    _receiver: Receiver {
      _writableState: [WritableState],
      writable: true,
      _events: [Object: null prototype],
      _eventsCount: 6,
      _maxListeners: undefined,
      _binaryType: 'nodebuffer',
      _extensions: {},
      _isServer: true,
      _maxPayload: 104857600,
      _bufferedBytes: 0,
      _buffers: [],
      _compressed: false,
      _payloadLength: 0,
      _mask: undefined,
      _fragmented: 0,
      _masked: false,
      _fin: false,
      _opcode: 0,
      _totalPayloadLength: 0,
      _messageLength: 0,
      _fragments: [],
      _state: 0,
      _loop: false,
      [Symbol(kCapture)]: false,
      [Symbol(websocket)]: [Circular]
    },
    _sender: Sender {
      _extensions: {},
      _socket: [Socket],
      _firstFragment: true,
      _compress: false,
      _bufferedBytes: 0,
      _deflating: false,
      _queue: []
    },
    _socket: Socket {
      connecting: false,
      _hadError: false,
      _parent: null,
      _host: null,
      _readableState: [ReadableState],
      readable: true,
      _events: [Object: null prototype],
      _eventsCount: 5,
      _maxListeners: undefined,
      _writableState: [WritableState],
      writable: true,
      allowHalfOpen: true,
      _sockname: null,
      _pendingData: null,
      _pendingEncoding: '',
      server: [Server],
      _server: [Server],
      timeout: 0,
      parser: null,
      on: [Function],
      addListener: [Function],
      prependListener: [Function: prependListener],
      _paused: false,
      [Symbol(asyncId)]: 3166,
      [Symbol(kHandle)]: [TCP],
      [Symbol(kSetNoDelay)]: true,
      [Symbol(lastWriteQueueSize)]: 0,
      [Symbol(timeout)]: Timeout {
        _idleTimeout: -1,
        _idlePrev: null,
        _idleNext: null,
        _idleStart: 377888,
        _onTimeout: null,
        _timerArgs: undefined,
        _repeat: null,
        _destroyed: true,
        [Symbol(refed)]: false,
        [Symbol(asyncId)]: 3167,
        [Symbol(triggerId)]: 3166
      },
      [Symbol(kBuffer)]: null,
      [Symbol(kBufferCb)]: null,
      [Symbol(kBufferGen)]: null,
      [Symbol(kCapture)]: false,
      [Symbol(kBytesRead)]: 0,
      [Symbol(kBytesWritten)]: 0,
      [Symbol(websocket)]: [Circular]
    },
    _isServer: true,
    [Symbol(kCapture)]: false
  },
  lastPing: 1597867526159,
  id: '454be8cc-94a2-451a-ba54-34e89a5069de',
  token: 'bfil3ak594'
}
undefined
345f2d22-ce6d-4b6b-8a77-b3a2f5254d1d 454be8cc-94a2-451a-ba54-34e89a5069de
Client {
  socket: WebSocket {
    _events: [Object: null prototype] { close: [Array], message: [Function] },
    _eventsCount: 2,
    _maxListeners: undefined,
    readyState: 1,
    protocol: '',
    _binaryType: 'nodebuffer',
    _closeFrameReceived: false,
    _closeFrameSent: false,
    _closeMessage: '',
    _closeTimer: null,
    _closeCode: 1006,
    _extensions: {},
    _receiver: Receiver {
      _writableState: [WritableState],
      writable: true,
      _events: [Object: null prototype],
      _eventsCount: 6,
      _maxListeners: undefined,
      _binaryType: 'nodebuffer',
      _extensions: {},
      _isServer: true,
      _maxPayload: 104857600,
      _bufferedBytes: 0,
      _buffers: [],
      _compressed: false,
      _payloadLength: 0,
      _mask: undefined,
      _fragmented: 0,
      _masked: false,
      _fin: false,
      _opcode: 0,
      _totalPayloadLength: 0,
      _messageLength: 0,
      _fragments: [],
      _state: 0,
      _loop: false,
      [Symbol(kCapture)]: false,
      [Symbol(websocket)]: [Circular]
    },
    _sender: Sender {
      _extensions: {},
      _socket: [Socket],
      _firstFragment: true,
      _compress: false,
      _bufferedBytes: 0,
      _deflating: false,
      _queue: []
    },
    _socket: Socket {
      connecting: false,
      _hadError: false,
      _parent: null,
      _host: null,
      _readableState: [ReadableState],
      readable: true,
      _events: [Object: null prototype],
      _eventsCount: 5,
      _maxListeners: undefined,
      _writableState: [WritableState],
      writable: true,
      allowHalfOpen: true,
      _sockname: null,
      _pendingData: null,
      _pendingEncoding: '',
      server: [Server],
      _server: [Server],
      timeout: 0,
      parser: null,
      on: [Function],
      addListener: [Function],
      prependListener: [Function: prependListener],
      _paused: false,
      [Symbol(asyncId)]: 3679,
      [Symbol(kHandle)]: [TCP],
      [Symbol(kSetNoDelay)]: true,
      [Symbol(lastWriteQueueSize)]: 0,
      [Symbol(timeout)]: Timeout {
        _idleTimeout: -1,
        _idlePrev: null,
        _idleNext: null,
        _idleStart: 446988,
        _onTimeout: null,
        _timerArgs: undefined,
        _repeat: null,
        _destroyed: true,
        [Symbol(refed)]: false,
        [Symbol(asyncId)]: 3680,
        [Symbol(triggerId)]: 3679
      },
      [Symbol(kBuffer)]: null,
      [Symbol(kBufferCb)]: null,
      [Symbol(kBufferGen)]: null,
      [Symbol(kCapture)]: false,
      [Symbol(kBytesRead)]: 0,
      [Symbol(kBytesWritten)]: 0,
      [Symbol(websocket)]: [Circular]
    },
    _isServer: true,
    [Symbol(kCapture)]: false
  },
  lastPing: 1597867595258,
  id: 'd44bbbe7-6320-4b3e-ada4-1551c5679f1d',
  token: 'c12jops4vy'
}
undefined
c9d41aba-9bdc-43d9-98d2-b06cf5f2d830 d44bbbe7-6320-4b3e-ada4-1551c5679f1d
